<?xml version="1.0" encoding="UTF-8"?>
<!-- Generated by org.testng.reporters.JUnitReportReporter -->
<testsuite hostname="DESKTOP-H57L5QJ" failures="0" tests="1" name="com.example.selenium.AppTest" time="0.004" errors="0" timestamp="2024-12-17T13:44:18 WIB" skipped="0">
  <testcase classname="com.example.selenium.AppTest" name="testFormSubmission" time="0.004"/>
</testsuite> <!-- com.example.selenium.AppTest -->
