<?xml version="1.0" encoding="UTF-8"?>
<!-- Generated by org.testng.reporters.JUnitReportReporter -->
<testsuite hostname="DESKTOP-H57L5QJ" failures="0" tests="1" name="com.example.selenium.AppTest" time="1.215" errors="0" timestamp="2024-12-10T18:02:15 WIB" skipped="0">
  <testcase classname="com.example.selenium.AppTest" name="testFormSubmission" time="1.215"/>
</testsuite> <!-- com.example.selenium.AppTest -->
