<?xml version="1.0" encoding="UTF-8"?>
<!-- Generated by org.testng.reporters.JUnitReportReporter -->
<testsuite hostname="DESKTOP-H57L5QJ" failures="0" tests="1" name="com.example.selenium.AppTest" time="2.115" errors="0" timestamp="2024-12-19T13:58:07 WIB" skipped="0">
  <testcase classname="com.example.selenium.AppTest" name="testFormSubmission" time="2.115"/>
  <system-out/>
</testsuite> <!-- com.example.selenium.AppTest -->
